<?xml version="1.0" encoding="UTF-8"?>
<!-- Generated by org.testng.reporters.JUnitXMLReporter -->
<testsuite hostname="LAPTOP-EQLN7PL4" name="Test" tests="1" failures="0" timestamp="16 Nov 2021 08:54:00 GMT" time="0.031" errors="0">
  <testcase name="@BeforeClass Setup" time="0.0" classname="com.E_bankingTestCases.Tc_LoginTest_001">
    <failure type="org.testng.TestNGException" message="
Parameter &amp;apos;browser&amp;apos; is required by @Configuration on method Setup but has not been marked @Optional or defined
in D:\e-banking\testng.xml">
      <![CDATA[org.testng.TestNGException: 
Parameter 'browser' is required by @Configuration on method Setup but has not been marked @Optional or defined
in D:\e-banking\testng.xml
... Removed 21 stack frames]]>
    </failure>
  </testcase> <!-- @BeforeClass Setup -->
  <testcase name="@AfterClass TearDown" time="0.0" classname="com.E_bankingTestCases.Tc_LoginTest_001">
    <skipped/>
  </testcase> <!-- @AfterClass TearDown -->
  <testcase name="loggerinTest" time="0.0" classname="com.E_bankingTestCases.Tc_LoginTest_001">
    <skipped/>
  </testcase> <!-- loggerinTest -->
</testsuite> <!-- Test -->
